<?xml version="1.0" encoding="UTF-8"?>
<!-- Generated by org.testng.reporters.JUnitXMLReporter -->
<testsuite hostname="UE-PC" ignored="5" tests="1" failures="1" timestamp="19 Feb 2020 09:44:35 GMT" time="39.345" errors="0">
  <testcase name="selectDateTest" time="17.133" classname="searchTest">
    <failure type="org.openqa.selenium.ElementClickInterceptedException" message="element click intercepted: Element is not clickable at point (324, 624)
  (Session info: chrome=80.0.3987.106)
Build info: version: &amp;apos;4.0.0-alpha-4&amp;apos;, revision: &amp;apos;c2d955b49e&amp;apos;
System info: host: &amp;apos;UE-PC&amp;apos;, ip: &amp;apos;192.168.0.162&amp;apos;, os.name: &amp;apos;Windows 7&amp;apos;, os.arch: &amp;apos;amd64&amp;apos;, os.version: &amp;apos;6.1&amp;apos;, java.version: &amp;apos;1.8.0_181&amp;apos;
Driver info: org.openqa.selenium.chrome.ChromeDriver
Capabilities {acceptInsecureCerts: false, browserName: chrome, browserVersion: 80.0.3987.106, chrome: {chromedriverVersion: 79.0.3945.36 (3582db32b3389..., userDataDir: C:\Users\UE\AppData\Local\T...}, goog:chromeOptions: {debuggerAddress: localhost:52749}, javascriptEnabled: true, networkConnectionEnabled: false, pageLoadStrategy: normal, platform: WINDOWS, platformName: WINDOWS, proxy: Proxy(), setWindowRect: true, strictFileInteractability: false, timeouts: {implicit: 0, pageLoad: 300000, script: 30000}, unhandledPromptBehavior: dismiss and notify}
Session ID: eca90c9dbea4cdaae50b3469170bad3d">
      <![CDATA[org.openqa.selenium.ElementClickInterceptedException: element click intercepted: Element is not clickable at point (324, 624)
  (Session info: chrome=80.0.3987.106)
Build info: version: '4.0.0-alpha-4', revision: 'c2d955b49e'
System info: host: 'UE-PC', ip: '192.168.0.162', os.name: 'Windows 7', os.arch: 'amd64', os.version: '6.1', java.version: '1.8.0_181'
Driver info: org.openqa.selenium.chrome.ChromeDriver
Capabilities {acceptInsecureCerts: false, browserName: chrome, browserVersion: 80.0.3987.106, chrome: {chromedriverVersion: 79.0.3945.36 (3582db32b3389..., userDataDir: C:\Users\UE\AppData\Local\T...}, goog:chromeOptions: {debuggerAddress: localhost:52749}, javascriptEnabled: true, networkConnectionEnabled: false, pageLoadStrategy: normal, platform: WINDOWS, platformName: WINDOWS, proxy: Proxy(), setWindowRect: true, strictFileInteractability: false, timeouts: {implicit: 0, pageLoad: 300000, script: 30000}, unhandledPromptBehavior: dismiss and notify}
Session ID: eca90c9dbea4cdaae50b3469170bad3d
	at org.openqa.selenium.remote.codec.w3c.W3CHttpResponseCodec.createException(W3CHttpResponseCodec.java:196)
	at org.openqa.selenium.remote.codec.w3c.W3CHttpResponseCodec.decode(W3CHttpResponseCodec.java:129)
	at org.openqa.selenium.remote.codec.w3c.W3CHttpResponseCodec.decode(W3CHttpResponseCodec.java:53)
	at org.openqa.selenium.remote.HttpCommandExecutor.execute(HttpCommandExecutor.java:161)
	at org.openqa.selenium.remote.service.DriverCommandExecutor.execute(DriverCommandExecutor.java:83)
	at org.openqa.selenium.remote.RemoteWebDriver.execute(RemoteWebDriver.java:582)
	at org.openqa.selenium.remote.RemoteWebElement.execute(RemoteWebElement.java:316)
	at org.openqa.selenium.remote.RemoteWebElement.click(RemoteWebElement.java:85)
	at org.openqa.selenium.support.pagefactory.internal.LocatingElementHandler.invoke(LocatingElementHandler.java:52)
	at com.sun.proxy.$Proxy13.click(Unknown Source)
	at com.Dhamma.qa.Pages.searchPage.confirmcourse(searchPage.java:128)
	at searchTest.selectDateTest(searchTest.java:41)
... Removed 33 stack frames]]>
    </failure>
  </testcase> <!-- selectDateTest -->
  <testcase name="verifyworkTest" time="0.0" classname="searchTest">
    <ignored/>
  </testcase> <!-- verifyworkTest -->
  <testcase name="selectCourseTest" time="0.0" classname="searchTest">
    <ignored/>
  </testcase> <!-- selectCourseTest -->
  <testcase name="verifyGenderTest" time="0.0" classname="searchTest">
    <ignored/>
  </testcase> <!-- verifyGenderTest -->
  <testcase name="selCountryTest" time="0.0" classname="searchTest">
    <ignored/>
  </testcase> <!-- selCountryTest -->
  <testcase name="seleCountryTest" time="0.0" classname="searchTest">
    <ignored/>
  </testcase> <!-- seleCountryTest -->
</testsuite>
