<?xml version="1.0" encoding="UTF-8"?>
<!-- Generated by org.testng.reporters.JUnitXMLReporter -->
<testsuite hostname="UE-PC" ignored="2" tests="2" failures="2" timestamp="20 Feb 2020 06:55:51 GMT" time="30.574" errors="0">
  <testcase name="setUp" time="0.083" classname="courseApllicationTest">
    <failure type="java.util.NoSuchElementException">
      <![CDATA[java.util.NoSuchElementException
	at java.util.LinkedHashMap$LinkedHashIterator.nextNode(Unknown Source)
	at java.util.LinkedHashMap$LinkedKeyIterator.next(Unknown Source)
	at com.Dhamma.qa.Utils.commonUtils.windowSwitch(commonUtils.java:45)
	at courseApllicationTest.setUp(courseApllicationTest.java:24)
... Removed 25 stack frames]]>
    </failure>
  </testcase> <!-- setUp -->
  <testcase name="verifycourseApplication" time="3.768" classname="courseApllicationTest">
    <failure type="org.openqa.selenium.NoSuchElementException" message="Cannot locate an element using id=item_5-1
For documentation on this error, please visit: https://selenium.dev/exceptions/#no_such_element
Build info: version: &amp;apos;4.0.0-alpha-4&amp;apos;, revision: &amp;apos;c2d955b49e&amp;apos;
System info: host: &amp;apos;UE-PC&amp;apos;, ip: &amp;apos;192.168.0.162&amp;apos;, os.name: &amp;apos;Windows 7&amp;apos;, os.arch: &amp;apos;amd64&amp;apos;, os.version: &amp;apos;6.1&amp;apos;, java.version: &amp;apos;1.8.0_181&amp;apos;
Driver info: driver.version: RemoteWebDriver">
      <![CDATA[org.openqa.selenium.NoSuchElementException: Cannot locate an element using id=item_5-1
For documentation on this error, please visit: https://selenium.dev/exceptions/#no_such_element
Build info: version: '4.0.0-alpha-4', revision: 'c2d955b49e'
System info: host: 'UE-PC', ip: '192.168.0.162', os.name: 'Windows 7', os.arch: 'amd64', os.version: '6.1', java.version: '1.8.0_181'
Driver info: driver.version: RemoteWebDriver
	at org.openqa.selenium.remote.RemoteWebDriver.findElement(RemoteWebDriver.java:336)
	at org.openqa.selenium.remote.RemoteWebDriver.findElementById(RemoteWebDriver.java:381)
	at org.openqa.selenium.By$ById.findElement(By.java:194)
	at org.openqa.selenium.remote.RemoteWebDriver.findElement(RemoteWebDriver.java:325)
	at org.openqa.selenium.support.pagefactory.DefaultElementLocator.findElement(DefaultElementLocator.java:70)
	at org.openqa.selenium.support.pagefactory.internal.LocatingElementHandler.invoke(LocatingElementHandler.java:39)
	at com.sun.proxy.$Proxy13.click(Unknown Source)
	at com.Dhamma.qa.Pages.applyCoursePage.courseapllication(applyCoursePage.java:23)
	at courseApllicationTest.verifycourseApplication(courseApllicationTest.java:31)
... Removed 25 stack frames]]>
    </failure>
  </testcase> <!-- verifycourseApplication -->
  <testcase name="verifyApplyTest" time="0.0" classname="searchTest">
    <ignored/>
  </testcase> <!-- verifyApplyTest -->
  <testcase name="selectDateTest" time="0.0" classname="searchTest">
    <ignored/>
  </testcase> <!-- selectDateTest -->
</testsuite>
